## Analysis of Algorithm Against Research Principles

### ✅ **Principles Successfully Implemented**

**1. Multi-Factor Pattern Recognition**
- The algorithm correctly implements multiple pattern detection methods (Head & Shoulders, Triangles, Flags, Cup & Handle)
- Combines geometric pattern recognition with moving average confirmation
- Uses confidence scoring for each pattern type
- Implements volume analysis in flag pattern detection

**2. Risk Management**
- Adheres to 5% maximum portfolio risk principle
- Implements 2% per position risk limit
- Uses pattern confidence to adjust position sizing
- Includes maximum position limits (10 positions)
- Implements trailing stops and time-based exits

**3. Statistical Validation**
- Uses confidence thresholds (60% minimum)
- Implements pattern-specific validation criteria
- Includes geometric precision checks for each pattern

**4. Moving Average Integration**
- Only trades patterns when MA trend is bullish
- Uses multiple timeframes (20/50 SMA, 12/26 EMA)
- Includes MACD for momentum confirmation
- Implements MA-based exit signals

### ⚠️ **Issues and Potential Improvements**

**1. Pattern Detection Issues**

```python
# ISSUE: Head & Shoulders detection has logical problems
if (head_high > left_high and head_high > right_high and
    abs(left_high - right_high) / left_high < 0.05):
```
**Problem**: This only detects bearish H&S patterns but the system only trades bullish signals, creating a contradiction.

**Fix**: Should detect inverse H&S for bullish signals or modify the scanning logic.

**2. Triangle Pattern Logic Error**

```python
# ISSUE: Descending triangle generates bearish signals in bullish-only system
elif triangle_type == 'descending':
    entry = recent_low * 0.98  # Short entry in long-only system
    target = entry - (recent_high - recent_low) * 1.5  # Negative target
```
**Problem**: Descending triangles generate short signals but the system only goes long.

**3. Volume Validation Missing**

```python
# MISSING: Volume confirmation for breakouts
# Research shows 12-18% improvement with volume confirmation
```
**Issue**: Only flag patterns check volume; other patterns ignore this crucial confirmation.

**4. False Breakout Filtering Insufficient**

```python
# INCOMPLETE: Lacks time-based confirmation
entry = recent_high * 1.02  # Only 2% confirmation
```
**Research Recommendation**: Should wait 2-3 bars for confirmation, not just price threshold.

**5. Position Management Problems**

```python
# LOGIC ERROR: Incorrect trailing stop logic
if pnl_pct > 0.10:  # If profit > 10%
    new_stop = position.entry_price * 1.02
elif pnl_pct > 0.20:  # This condition never executes!
```
**Problem**: The `elif` should be `if` since 20% > 10%.

### 🔧 **Critical Fixes Needed**

**1. Fix Pattern Detection Logic**
```python
def detect_head_and_shoulders(self, df: pd.DataFrame) -> Optional[Dict]:
    # Should detect INVERSE H&S for bullish signals
    # OR modify to detect bearish H&S and generate short signals
    
    # Current logic detects bearish H&S in bullish-only system
    if (head_high > left_high and head_high > right_high):
        # This is bearish pattern - contradicts bullish-only strategy
```

**2. Add Universal Volume Confirmation**
```python
def _validate_volume_breakout(self, df: pd.DataFrame, breakout_bar: int) -> bool:
    """Add volume confirmation for all patterns"""
    recent_volume = df['volume'].iloc[breakout_bar]
    avg_volume = df['volume'].tail(20).mean()
    return recent_volume > (avg_volume * 1.5)  # 50% above average
```

**3. Fix Trailing Stop Logic**
```python
def manage_positions(self):
    # FIX: Use separate if statements
    if pnl_pct > 0.10:  # If profit > 10%
        new_stop = position.entry_price * 1.02
    
    if pnl_pct > 0.20:  # If profit > 20% - separate condition
        new_stop = current_price * 0.95
```

**4. Add Time-Based Confirmation**
```python
def _confirm_breakout(self, df: pd.DataFrame, entry_price: float) -> bool:
    """Wait for 2-3 bar confirmation"""
    recent_closes = df['close'].tail(3)
    return all(close > entry_price for close in recent_closes)
```

### 📊 **Research Compliance Assessment**

| Principle | Implementation | Score | Notes |
|-----------|---------------|-------|-------|
| Multi-Factor Models | ✅ Partial | 7/10 | Good pattern + MA integration, missing volume universally |
| Risk Management | ✅ Good | 8/10 | Solid risk controls, minor trailing stop bug |
| Pattern Validation | ⚠️ Issues | 5/10 | Some patterns contradict strategy direction |
| Volume Confirmation | ❌ Incomplete | 3/10 | Only implemented for flags |
| False Breakout Filtering | ⚠️ Basic | 4/10 | Only price-based, needs time confirmation |
| Adaptive Strategies | ❌ Missing | 2/10 | No regime detection or adaptation |
| Transaction Cost Consideration | ✅ Implicit | 6/10 | Uses market orders, no explicit cost modeling |

### 🎯 **Priority Improvements**

**1. High Priority**
- Fix Head & Shoulders pattern detection for bullish signals
- Correct trailing stop logic (elif → if)
- Add volume confirmation to all patterns
- Implement time-based breakout confirmation

**2. Medium Priority**
- Add regime detection for market conditions
- Implement correlation checking between positions
- Add more sophisticated confidence scoring
- Include transaction cost modeling

**3. Low Priority**
- Add alternative data integration
- Implement machine learning enhancements
- Add cross-timeframe validation
- Include sector/market correlation analysis

### 📈 **Expected Performance Impact**

Based on research findings, these fixes could improve performance:
- **Volume confirmation**: +12-18% success rate improvement
- **Time-based confirmation**: +8-15% reduction in false breakouts
- **Pattern logic fixes**: +20-30% by eliminating contradictory signals
- **Risk management improvements**: Better risk-adjusted returns

### 🔍 **Code Quality Issues**

**1. Error Handling**: Generally good with try/catch blocks
**2. Logging**: Comprehensive logging implementation
**3. Data Validation**: Basic validation present
**4. Modularity**: Well-structured class design
**5. Documentation**: Good docstring coverage

**Overall Assessment**: The algorithm demonstrates solid understanding of research principles but has several critical implementation issues that could significantly impact performance. The core structure is sound and follows many best practices, but the pattern detection logic needs revision to align with the bullish-only strategy.